Determining if the pthread_create exist failed with the following output:
Change Dir: /home/joy/octomap_ws/build/CMakeFiles/CMakeTmp

Run Build Command:"/usr/bin/make" "cmTC_2a533/fast"
/usr/bin/make -f CMakeFiles/cmTC_2a533.dir/build.make CMakeFiles/cmTC_2a533.dir/build
make[1]: Entering directory '/home/joy/octomap_ws/build/CMakeFiles/CMakeTmp'
Building C object CMakeFiles/cmTC_2a533.dir/CheckSymbolExists.c.o
/usr/lib/ccache/cc    -o CMakeFiles/cmTC_2a533.dir/CheckSymbolExists.c.o   -c /home/joy/octomap_ws/build/CMakeFiles/CMakeTmp/CheckSymbolExists.c
Linking C executable cmTC_2a533
/usr/bin/cmake -E cmake_link_script CMakeFiles/cmTC_2a533.dir/link.txt --verbose=1
/usr/lib/ccache/cc      -rdynamic CMakeFiles/cmTC_2a533.dir/CheckSymbolExists.c.o  -o cmTC_2a533 
CMakeFiles/cmTC_2a533.dir/CheckSymbolExists.c.o: In function `main':
CheckSymbolExists.c:(.text+0x1b): undefined reference to `pthread_create'
collect2: error: ld returned 1 exit status
CMakeFiles/cmTC_2a533.dir/build.make:97: recipe for target 'cmTC_2a533' failed
make[1]: *** [cmTC_2a533] Error 1
make[1]: Leaving directory '/home/joy/octomap_ws/build/CMakeFiles/CMakeTmp'
Makefile:126: recipe for target 'cmTC_2a533/fast' failed
make: *** [cmTC_2a533/fast] Error 2

File /home/joy/octomap_ws/build/CMakeFiles/CMakeTmp/CheckSymbolExists.c:
/* */
#include <pthread.h>

int main(int argc, char** argv)
{
  (void)argv;
#ifndef pthread_create
  return ((int*)(&pthread_create))[argc];
#else
  (void)argc;
  return 0;
#endif
}

Determining if the function pthread_create exists in the pthreads failed with the following output:
Change Dir: /home/joy/octomap_ws/build/CMakeFiles/CMakeTmp

Run Build Command:"/usr/bin/make" "cmTC_3726e/fast"
/usr/bin/make -f CMakeFiles/cmTC_3726e.dir/build.make CMakeFiles/cmTC_3726e.dir/build
make[1]: Entering directory '/home/joy/octomap_ws/build/CMakeFiles/CMakeTmp'
Building C object CMakeFiles/cmTC_3726e.dir/CheckFunctionExists.c.o
/usr/lib/ccache/cc   -DCHECK_FUNCTION_EXISTS=pthread_create   -o CMakeFiles/cmTC_3726e.dir/CheckFunctionExists.c.o   -c /usr/share/cmake-3.10/Modules/CheckFunctionExists.c
Linking C executable cmTC_3726e
/usr/bin/cmake -E cmake_link_script CMakeFiles/cmTC_3726e.dir/link.txt --verbose=1
/usr/lib/ccache/cc  -DCHECK_FUNCTION_EXISTS=pthread_create    -rdynamic CMakeFiles/cmTC_3726e.dir/CheckFunctionExists.c.o  -o cmTC_3726e -lpthreads 
/usr/bin/ld: cannot find -lpthreads
collect2: error: ld returned 1 exit status
CMakeFiles/cmTC_3726e.dir/build.make:97: recipe for target 'cmTC_3726e' failed
make[1]: *** [cmTC_3726e] Error 1
make[1]: Leaving directory '/home/joy/octomap_ws/build/CMakeFiles/CMakeTmp'
Makefile:126: recipe for target 'cmTC_3726e/fast' failed
make: *** [cmTC_3726e/fast] Error 2


